Case #1: 5
6 1
4 5
3 8
2 14
1 56
Case #2: 1
1 16
Case #3: 2
2 1
1 12
Case #4: 1
2 4
Case #5: 1
1 128
Case #6: 1
1 224
Case #7: 1
1 512
Case #8: 1
1 24
Case #9: 3
3 2
2 35
1 206
Case #10: 3
3 2
2 7
1 50
Case #11: 5
5 2
4 2
3 3
2 9
1 79
Case #12: 3
3 1
2 6
1 79
Case #13: 2
2 2
1 8
Case #14: 3
3 4
2 20
1 192
Case #15: 2
2 9
1 92
Case #16: 3
3 1
2 7
1 59
Case #17: 2
2 3
1 36
Case #18: 4
4 1
3 1
2 6
1 79
Case #19: 1
1 28
Case #20: 4
4 2
3 1
2 12
1 103
Case #21: 2
2 5
1 32
Case #22: 4
4 1
3 1
2 3
1 19
Case #23: 4
4 2
3 2
2 6
1 70
Case #24: 6
6 1
5 1
4 4
3 4
2 14
1 143
Case #25: 3
3 1
2 10
1 71
Case #26: 5
5 1
4 2
3 2
2 28
1 197
Case #27: 5
7 1
4 4
3 7
2 15
1 124
Case #28: 2
2 1
1 20
Case #29: 3
4 3
2 12
1 128
Case #30: 3
3 4
2 12
1 84
Case #31: 4
4 1
3 4
2 13
1 120
Case #32: 1
1 8
Case #33: 2
2 4
1 32
Case #34: 2
2 2
1 20
Case #35: 5
5 1
4 2
3 3
2 16
1 72
Case #36: 3
4 1
2 23
1 180
Case #37: 4
4 2
3 3
2 18
1 177
Case #38: 3
3 1
2 5
1 31
Case #39: 3
3 3
2 4
1 45
Case #40: 2
2 2
1 12
Case #41: 3
3 1
2 1
1 11
Case #42: 3
3 2
2 24
1 306
Case #43: 6
6 1
5 1
4 2
3 5
2 19
1 150
Case #44: 5
5 1
4 2
3 5
2 26
1 178
Case #45: 5
5 1
4 1
3 1
2 9
1 90
Case #46: 3
3 4
2 17
1 76
Case #47: 5
7 1
4 2
3 3
2 30
1 192
Case #48: 4
4 2
3 3
2 17
1 113
Case #49: 2
2 1
1 8
Case #50: 1
1 8
Case #51: 5
6 1
4 1
3 3
2 10
1 141
Case #52: 3
5 1
2 13
1 123
Case #53: 4
4 1
3 4
2 17
1 168
Case #54: 2
2 2
1 12
Case #55: 4
7 1
3 2
2 21
1 149
Case #56: 4
4 1
3 3
2 2
1 37
Case #57: 4
5 1
3 1
2 6
1 62
Case #58: 2
2 5
1 36
Case #59: 2
2 6
1 84
Case #60: 2
2 3
1 60
Case #61: 3
4 1
2 20
1 168
Case #62: 3
3 3
2 8
1 85
Case #63: 2
2 7
1 28
Case #64: 3
3 1
2 4
1 39
Case #65: 3
3 1
2 5
1 67
Case #66: 1
1 32
Case #67: 2
2 4
1 40
Case #68: 3
3 1
2 23
1 235
Case #69: 2
2 1
1 12
Case #70: 2
2 8
1 48
Case #71: 3
4 1
2 10
1 136
Case #72: 4
5 1
3 4
2 12
1 131
Case #73: 2
2 1
1 44
Case #74: 5
5 2
4 2
3 1
2 7
1 57
Case #75: 3
3 2
2 10
1 138
Case #76: 2
2 7
1 36
Case #77: 3
3 1
2 6
1 63
Case #78: 4
4 2
3 1
2 2
1 35
Case #79: 2
2 7
1 52
Case #80: 3
4 1
2 9
1 172
Case #81: 4
4 3
3 2
2 5
1 70
Case #82: 3
3 1
2 10
1 71
Case #83: 2
2 3
1 36
Case #84: 3
3 1
2 9
1 147
Case #85: 1
1 4
Case #86: 3
3 1
2 3
1 43
Case #87: 2
2 3
1 72
Case #88: 6
6 1
5 1
4 2
3 7
2 15
1 120
Case #89: 1
1 24
Case #90: 3
3 2
2 8
1 94
Case #91: 3
3 3
2 9
1 81
Case #92: 3
3 1
2 5
1 55
Case #93: 3
3 1
2 13
1 119
Case #94: 3
3 3
2 8
1 85
Case #95: 2
2 2
1 56
Case #96: 2
2 2
1 28
Case #97: 3
3 1
2 7
1 59
Case #98: 8
12 1
7 1
6 3
5 4
4 3
3 9
2 38
1 342
Case #99: 14
25 1
15 2
14 3
13 1
12 4
11 4
9 2
8 8
7 1
6 10
4 13
3 517
2 18546
1 179124
Case #100: 41
212 1
202 1
185 1
130 1
64 2
61 2
55 2
51 1
45 1
38 1
36 1
34 2
31 1
30 3
29 5
27 1
26 3
25 1
24 6
23 7
21 10
20 8
19 12
18 32
17 15
16 19
15 15
14 16
13 34
12 16
11 6
10 45
9 61
8 43
7 25
6 129
5 48
4 123
3 117
2 762
1 3375
